<?xml version="1.0" encoding="UTF-8"?>
<testsuite name="ru.stqa.pft.addressbook.tests.GroupCreationTests" tests="5" skipped="0" failures="0" errors="0" timestamp="2021-08-17T11:35:43" hostname="DESKTOP-PCED92A" time="9.767">
  <properties/>
  <testcase name="testBadGroupCreation" classname="ru.stqa.pft.addressbook.tests.GroupCreationTests" time="2.665"/>
  <testcase name="testGroupCreation[0](GroupData{id='2147483647', name='test 15'})" classname="ru.stqa.pft.addressbook.tests.GroupCreationTests" time="1.746"/>
  <testcase name="testGroupCreation[1](GroupData{id='2147483647', name='test 1'})" classname="ru.stqa.pft.addressbook.tests.GroupCreationTests" time="1.787"/>
  <testcase name="testGroupCreation[2](GroupData{id='2147483647', name='test 2'})" classname="ru.stqa.pft.addressbook.tests.GroupCreationTests" time="1.757"/>
  <testcase name="testGroupCreation[3](GroupData{id='2147483647', name='test 3'})" classname="ru.stqa.pft.addressbook.tests.GroupCreationTests" time="1.774"/>
  <system-out><![CDATA[]]></system-out>
  <system-err><![CDATA[]]></system-err>
</testsuite>
