<?xml version="1.0" encoding="UTF-8"?>
<testsuite name="ru.stqa.pft.addressbook.tests.GroupUpdateTests" tests="1" skipped="0" failures="0" errors="0" timestamp="2021-08-17T11:35:52" hostname="DESKTOP-PCED92A" time="1.887">
  <properties/>
  <testcase name="testGroupUpdate" classname="ru.stqa.pft.addressbook.tests.GroupUpdateTests" time="1.887"/>
  <system-out><![CDATA[]]></system-out>
  <system-err><![CDATA[]]></system-err>
</testsuite>
