<?xml version="1.0" encoding="UTF-8"?>
<testsuite name="ru.stqa.pft.soap.GeoIpServiceTests" tests="1" skipped="0" failures="0" errors="0" timestamp="2021-09-05T08:36:18" hostname="DESKTOP-PCED92A" time="0.714">
  <properties/>
  <testcase name="testInvalidIp" classname="ru.stqa.pft.soap.GeoIpServiceTests" time="0.714"/>
  <system-out><![CDATA[]]></system-out>
  <system-err><![CDATA[]]></system-err>
</testsuite>
